  Battleships.cpp
C:\Users\rafan\Desktop\CodingProjects\Battleship-project\Battleships\Battleships\Battleships.cpp(131,31): warning C4244: 'argument': conversion from 'time_t' to 'unsigned int', possible loss of data
C:\Users\rafan\Desktop\CodingProjects\Battleship-project\Battleships\Battleships\Battleships.cpp(134,31): warning C4244: 'argument': conversion from 'time_t' to 'unsigned int', possible loss of data
C:\Users\rafan\Desktop\CodingProjects\Battleship-project\Battleships\Battleships\Battleships.cpp(182,21): warning C4065: switch statement contains 'default' but no 'case' labels
C:\Users\rafan\Desktop\CodingProjects\Battleship-project\Battleships\Battleships\Battleships.cpp(159,25): warning C4102: 'LEFT': unreferenced label
C:\Users\rafan\Desktop\CodingProjects\Battleship-project\Battleships\Battleships\Battleships.cpp(163,26): warning C4102: 'RIGHT': unreferenced label
C:\Users\rafan\Desktop\CodingProjects\Battleship-project\Battleships\Battleships\Battleships.cpp(166,23): warning C4102: 'UP': unreferenced label
C:\Users\rafan\Desktop\CodingProjects\Battleship-project\Battleships\Battleships\Battleships.cpp(169,25): warning C4102: 'DOWN': unreferenced label
C:\Users\rafan\Desktop\CodingProjects\Battleship-project\Battleships\Battleships\Battleships.cpp(93,28): warning C4101: 'CurrentAttackingMethod': unreferenced local variable
C:\Users\rafan\Desktop\CodingProjects\Battleship-project\Battleships\Battleships\Battleships.cpp(330,31): warning C4244: 'argument': conversion from 'time_t' to 'unsigned int', possible loss of data
C:\Users\rafan\Desktop\CodingProjects\Battleship-project\Battleships\Battleships\Battleships.cpp(334,31): warning C4244: 'argument': conversion from 'time_t' to 'unsigned int', possible loss of data
C:\Users\rafan\Desktop\CodingProjects\Battleship-project\Battleships\Battleships\Battleships.cpp(342,35): warning C4244: 'argument': conversion from 'time_t' to 'unsigned int', possible loss of data
C:\Users\rafan\Desktop\CodingProjects\Battleship-project\Battleships\Battleships\Battleships.cpp(345,35): warning C4244: 'argument': conversion from 'time_t' to 'unsigned int', possible loss of data
C:\Users\rafan\Desktop\CodingProjects\Battleship-project\Battleships\Battleships\Battleships.cpp(355,35): warning C4244: 'argument': conversion from 'time_t' to 'unsigned int', possible loss of data
C:\Users\rafan\Desktop\CodingProjects\Battleship-project\Battleships\Battleships\Battleships.cpp(358,35): warning C4244: 'argument': conversion from 'time_t' to 'unsigned int', possible loss of data
C:\Users\rafan\Desktop\CodingProjects\Battleship-project\Battleships\Battleships\Battleships.cpp(367,35): warning C4244: 'argument': conversion from 'time_t' to 'unsigned int', possible loss of data
C:\Users\rafan\Desktop\CodingProjects\Battleship-project\Battleships\Battleships\Battleships.cpp(370,35): warning C4244: 'argument': conversion from 'time_t' to 'unsigned int', possible loss of data
C:\Users\rafan\Desktop\CodingProjects\Battleship-project\Battleships\Battleships\Battleships.cpp(379,35): warning C4244: 'argument': conversion from 'time_t' to 'unsigned int', possible loss of data
C:\Users\rafan\Desktop\CodingProjects\Battleship-project\Battleships\Battleships\Battleships.cpp(382,35): warning C4244: 'argument': conversion from 'time_t' to 'unsigned int', possible loss of data
C:\Users\rafan\Desktop\CodingProjects\Battleship-project\Battleships\Battleships\Battleships.cpp(453,15): warning C4244: 'argument': conversion from 'time_t' to 'unsigned int', possible loss of data
C:\Users\rafan\Desktop\CodingProjects\Battleship-project\Battleships\Battleships\Battleships.cpp(470,15): warning C4244: 'argument': conversion from 'time_t' to 'unsigned int', possible loss of data
  Battleships.vcxproj -> C:\Users\rafan\Desktop\CodingProjects\Battleship-project\Battleships\x64\Debug\Battleships.exe
